(c) Copyright 2012-2019 Xilinx, Inc. All Rights Reserved.
#-----------------------------------------------------------
# Tool version  : sds++ 2019.1 SW Build 2552052 on Fri May 24 14:51:15 MDT 2019
# Start time    : Wed Jul 08 18:35:40 +0800 2020
# Command line  : sds++ -Wall -O3 -I../src -c -fmessage-length=0 -MTsrc-v1/utils.o -MMD -MP -MFsrc-v1/utils.d -MTsrc-v1/utils.o -o src-v1/utils.o ../src-v1/utils.cpp -sds-hw SkyNet SkyNet.cpp -clkid 2 -sds-end -sds-sys-config a53_linux -sds-proc a53_linux -sds-pf zcu104
# Log file      : C:/Users/zhangqx/workspace/SDSoC/skynet/Release/_sds/reports/sds_utils.log
# Journal file  : C:/Users/zhangqx/workspace/SDSoC/skynet/Release/_sds/reports/sds_utils.jou
# Report file   : C:/Users/zhangqx/workspace/SDSoC/skynet/Release/_sds/reports/sds_utils.rpt
#-----------------------------------------------------------

Analyzing source for RTL template usage
C:/Xilinx/SDx/2019.1/bin/rtl_template_extract  C:/Users/zhangqx/workspace/SDSoC/skynet/src-v1/utils.cpp  -save-query C:/Users/zhangqx/workspace/SDSoC/skynet/Release/_sds/.llvm/src-v1/utils.rtlx  --  -c  -I../src  -Wall -fmessage-length=0 -MMD -MP -D __SDSCC__  
    -target aarch64-linux-gnu -mcpu=cortex-a53 -O0 -g -w      -I C:/Xilinx/SDx/2019.1/target/aarch64-linux/include  -D HLS_NO_XIL_FPO_LIB  -I C:/Xilinx/Vivado/2019.1/include   -IC:/Xilinx/SDK/2019.1/gnu/aarch64/nt/aarch64-linux/aarch64-linux-gnu/include/c++/8.2.0 -IC:/Xilinx/SDK/2019.1/gnu/aarch64/nt/aarch64-linux/aarch64-linux-gnu/include/c++/8.2.0/aarch64-linux-gnu -IC:/Xilinx/SDK/2019.1/gnu/aarch64/nt/aarch64-linux/aarch64-linux-gnu/include/c++/8.2.0/backward -IC:/Xilinx/SDK/2019.1/gnu/aarch64/nt/aarch64-linux/lib/gcc/aarch64-linux-gnu/8.2.0/include -IC:/Xilinx/SDK/2019.1/gnu/aarch64/nt/aarch64-linux/lib/gcc/aarch64-linux-gnu/8.2.0/include-fixed -IC:/Xilinx/SDK/2019.1/gnu/aarch64/nt/aarch64-linux/aarch64-linux-gnu/include -IC:/Xilinx/SDK/2019.1/gnu/aarch64/nt/aarch64-linux/aarch64-linux-gnu/libc/usr/include  -std=c++11
Create data motion intermediate representation
C:/Xilinx/SDx/2019.1/bin/clang_wrapper  -I../src  -Wall -fmessage-length=0 -MMD -MP -D __SDSCC__  -target aarch64-linux-gnu -mcpu=cortex-a53 -O0 -g       -I C:/Xilinx/SDx/2019.1/target/aarch64-linux/include  -D HLS_NO_XIL_FPO_LIB  -I C:/Xilinx/Vivado/2019.1/include   -IC:/Xilinx/SDK/2019.1/gnu/aarch64/nt/aarch64-linux/aarch64-linux-gnu/include/c++/8.2.0 -IC:/Xilinx/SDK/2019.1/gnu/aarch64/nt/aarch64-linux/aarch64-linux-gnu/include/c++/8.2.0/aarch64-linux-gnu -IC:/Xilinx/SDK/2019.1/gnu/aarch64/nt/aarch64-linux/aarch64-linux-gnu/include/c++/8.2.0/backward -IC:/Xilinx/SDK/2019.1/gnu/aarch64/nt/aarch64-linux/lib/gcc/aarch64-linux-gnu/8.2.0/include -IC:/Xilinx/SDK/2019.1/gnu/aarch64/nt/aarch64-linux/lib/gcc/aarch64-linux-gnu/8.2.0/include-fixed -IC:/Xilinx/SDK/2019.1/gnu/aarch64/nt/aarch64-linux/aarch64-linux-gnu/include -IC:/Xilinx/SDK/2019.1/gnu/aarch64/nt/aarch64-linux/aarch64-linux-gnu/libc/usr/include  -std=c++11  -emit-llvm -S C:/Users/zhangqx/workspace/SDSoC/skynet/src-v1/utils.cpp -o C:/Users/zhangqx/workspace/SDSoC/skynet/Release/_sds/.llvm/src-v1/utils.s

C:\Users\zhangqx\workspace\SDSoC\skynet\Release>C:\Xilinx\SDx\2019.1\llvm-clang\win64\llvm\bin\clang.exe -I../src -Wall -fmessage-length=0 -MMD -MP -D __SDSCC__ -target aarch64-linux-gnu -mcpu=cortex-a53 -O0 -g -I C:/Xilinx/SDx/2019.1/target/aarch64-linux/include -D HLS_NO_XIL_FPO_LIB -I C:/Xilinx/Vivado/2019.1/include -IC:/Xilinx/SDK/2019.1/gnu/aarch64/nt/aarch64-linux/aarch64-linux-gnu/include/c++/8.2.0 -IC:/Xilinx/SDK/2019.1/gnu/aarch64/nt/aarch64-linux/aarch64-linux-gnu/include/c++/8.2.0/aarch64-linux-gnu -IC:/Xilinx/SDK/2019.1/gnu/aarch64/nt/aarch64-linux/aarch64-linux-gnu/include/c++/8.2.0/backward -IC:/Xilinx/SDK/2019.1/gnu/aarch64/nt/aarch64-linux/lib/gcc/aarch64-linux-gnu/8.2.0/include -IC:/Xilinx/SDK/2019.1/gnu/aarch64/nt/aarch64-linux/lib/gcc/aarch64-linux-gnu/8.2.0/include-fixed -IC:/Xilinx/SDK/2019.1/gnu/aarch64/nt/aarch64-linux/aarch64-linux-gnu/include -IC:/Xilinx/SDK/2019.1/gnu/aarch64/nt/aarch64-linux/aarch64-linux-gnu/libc/usr/include -std=c++11 -emit-llvm -S C:/Users/zhangqx/workspace/SDSoC/skynet/src-v1/utils.cpp -o C:/Users/zhangqx/workspace/SDSoC/skynet/Release/_sds/.llvm/src-v1/utils.s 
C:/Users/zhangqx/workspace/SDSoC/skynet/src-v1/utils.cpp:40:9: warning: unused variable 'zero' [-Wunused-variable]
    int zero;
        ^

C:\Users\zhangqx\workspace\SDSoC\skynet\Release>exit /b 0 
Compiling C:/Users/zhangqx/workspace/SDSoC/skynet/src-v1/utils.cpp
aarch64-linux-gnu-g++ -c -I../src -Wall -O3 -fmessage-length=0 -MMD -MP -D __SDSCC__ -MTC:/Users/zhangqx/workspace/SDSoC/skynet/Release/src-v1/utils.o -MFC:/Users/zhangqx/workspace/SDSoC/skynet/Release/src-v1/utils.d -MTC:/Users/zhangqx/workspace/SDSoC/skynet/Release/src-v1/utils.o       -I C:/Xilinx/SDx/2019.1/target/aarch64-linux/include  -D HLS_NO_XIL_FPO_LIB  -I C:/Xilinx/Vivado/2019.1/include C:/Users/zhangqx/workspace/SDSoC/skynet/src-v1/utils.cpp -o src-v1/utils.o
C:/Users/zhangqx/workspace/SDSoC/skynet/src-v1/utils.cpp: In function 'void check_fm(ADT*, layer)':
C:/Users/zhangqx/workspace/SDSoC/skynet/src-v1/utils.cpp:40:9: warning: unused variable 'zero' [-Wunused-variable]
     int zero;
         ^~~~
aarch64-linux-gnu-objcopy --add-section .xdsdata=C:/Users/zhangqx/workspace/SDSoC/skynet/Release/_sds/swstubs/utils.o.xml src-v1/utils.o
sds++ log file saved as C:/Users/zhangqx/workspace/SDSoC/skynet/Release/_sds/reports/sds_utils.log
sds++ completed at Wed Jul 08 18:35:54 +0800 2020
